<?xml version="1.0" encoding="UTF-8"?>
<!-- Generated by org.testng.reporters.JUnitReportReporter -->
<testsuite hostname="DESKTOP-285KDFR" failures="0" tests="2" name="tests.TestClass2" time="0.015" errors="0" timestamp="2022-06-30T19:17:08 IST" skipped="0">
  <testcase classname="tests.TestClass2" name="test3" time="0.015"/>
  <system-out/>
  <testcase classname="tests.TestClass2" name="test4" time="0.000"/>
  <system-out/>
</testsuite> <!-- tests.TestClass2 -->
