<?xml version="1.0" encoding="UTF-8"?>
<!-- Generated by org.testng.reporters.JUnitReportReporter -->
<testsuite hostname="DESKTOP-285KDFR" failures="0" tests="2" name="tests.TestClass1" time="0.019" errors="0" timestamp="2022-06-30T19:17:08 IST" skipped="0">
  <testcase classname="tests.TestClass1" name="test2" time="0.000"/>
  <system-out/>
  <testcase classname="tests.TestClass1" name="test1" time="0.019"/>
  <system-out/>
</testsuite> <!-- tests.TestClass1 -->
