<?xml version="1.0" encoding="UTF-8"?>
<!-- Generated by org.testng.reporters.JUnitReportReporter -->
<testsuite hostname="DESKTOP-285KDFR" failures="0" tests="2" name="tests.TestClass1" time="0.024" errors="0" timestamp="2022-07-02T18:59:06 IST" skipped="0">
  <testcase classname="tests.TestClass1" name="test2" time="0.000"/>
  <system-out/>
  <testcase classname="tests.TestClass1" name="test1" time="0.024"/>
  <system-out/>
</testsuite> <!-- tests.TestClass1 -->
